<?xml version="1.0" encoding="UTF-8"?>
<testsuite name="be.heh.petclinic.domain.VetTests" tests="1" skipped="0" failures="0" errors="0" timestamp="2018-10-23T12:24:45" hostname="PC-Thomas" time="0.002">
  <properties/>
  <testcase name="test_object_vet()" classname="be.heh.petclinic.domain.VetTests" time="0.002"/>
  <system-out><![CDATA[]]></system-out>
  <system-err><![CDATA[]]></system-err>
</testsuite>
